Using pre-set license
Built from '2021.1/staging' branch; Version is '2021.1.15f1 (e767a7370072) revision 15165351'; Using compiler version '192528614'; Build Type 'Release'
OS: 'Windows 10 Home Single Language; OS build 19044.1766; Version 2009; 64bit' Language: 'ru' Physical Memory: 8066 MB
BatchMode: 1, IsHumanControllingUs: 0, StartBugReporterOnCrash: 0, Is64bit: 1, IsPro: 0

 COMMAND LINE ARGUMENTS:
C:\Program Files\Unity\Hub\Editor\2021.1.15f1\Editor\Unity.exe
-adb2
-batchMode
-noUpm
-name
AssetImportWorker1
-projectPath
D:/Users/mmosk/Desktop/Перенос/Файлы не по текущей учебе/Unity/SimulatorOfStudent
-logFile
Logs/AssetImportWorker1.log
-srvPort
60588
Successfully changed project path to: D:/Users/mmosk/Desktop/Перенос/Файлы не по текущей учебе/Unity/SimulatorOfStudent
D:/Users/mmosk/Desktop/Перенос/Файлы не по текущей учебе/Unity/SimulatorOfStudent
Using Asset Import Pipeline V2.
Refreshing native plugins compatible for Editor in 118.81 ms, found 3 plugins.
Preloading 0 native plugins for Editor in 0.00 ms.
Initialize engine version: 2021.1.15f1 (e767a7370072)
[Subsystems] Discovering subsystems at path C:/Program Files/Unity/Hub/Editor/2021.1.15f1/Editor/Data/Resources/UnitySubsystems
[Subsystems] Discovering subsystems at path D:/Users/mmosk/Desktop/Перенос/Файлы не по текущей учебе/Unity/SimulatorOfStudent/Assets
GfxDevice: creating device client; threaded=0; jobified=0
Direct3D:
    Version:  Direct3D 11.0 [level 11.1]
    Renderer: NVIDIA GeForce MX150 (ID=0x1d10)
    Vendor:   NVIDIA
    VRAM:     4027 MB
    Driver:   27.21.14.6172
Initialize mono
Mono path[0] = 'C:/Program Files/Unity/Hub/Editor/2021.1.15f1/Editor/Data/Managed'
Mono path[1] = 'C:/Program Files/Unity/Hub/Editor/2021.1.15f1/Editor/Data/MonoBleedingEdge/lib/mono/unityjit'
Mono config path = 'C:/Program Files/Unity/Hub/Editor/2021.1.15f1/Editor/Data/MonoBleedingEdge/etc'
Using monoOptions --debugger-agent=transport=dt_socket,embedding=1,server=y,suspend=n,address=127.0.0.1:56288
Begin MonoManager ReloadAssembly
Registering precompiled unity dll's ...
Register platform support module: C:/Program Files/Unity/Hub/Editor/2021.1.15f1/Editor/Data/PlaybackEngines/WindowsStandaloneSupport/UnityEditor.WindowsStandalone.Extensions.dll
Registered in 0.004583 seconds.
Native extension for WindowsStandalone target not found
Refreshing native plugins compatible for Editor in 81.42 ms, found 3 plugins.
Preloading 0 native plugins for Editor in 0.00 ms.
Mono: successfully reloaded assembly
- Completed reload, in  4.353 seconds
Domain Reload Profiling:
	ReloadAssembly (4353ms)
		BeginReloadAssembly (456ms)
			ExecutionOrderSort (0ms)
			DisableScriptedObjects (0ms)
			BackupInstance (0ms)
			ReleaseScriptingObjects (0ms)
			CreateAndSetChildDomain (2ms)
		EndReloadAssembly (976ms)
			LoadAssemblies (450ms)
			RebuildTransferFunctionScriptingTraits (0ms)
			SetupTypeCache (400ms)
			ReleaseScriptCaches (0ms)
			RebuildScriptCaches (64ms)
			SetupLoadedEditorAssemblies (396ms)
				LogAssemblyErrors (0ms)
				InitializePlatformSupportModulesInManaged (13ms)
				SetLoadedEditorAssemblies (0ms)
				RefreshPlugins (82ms)
				BeforeProcessingInitializeOnLoad (3ms)
				ProcessInitializeOnLoadAttributes (227ms)
				ProcessInitializeOnLoadMethodAttributes (71ms)
				AfterProcessingInitializeOnLoad (0ms)
				EditorAssembliesLoaded (0ms)
			ExecutionOrderSort2 (0ms)
			AwakeInstancesAfterBackupRestoration (0ms)
Platform modules already initialized, skipping
Registering precompiled user dll's ...
Registered in 0.012408 seconds.
Begin MonoManager ReloadAssembly
Native extension for WindowsStandalone target not found
Refreshing native plugins compatible for Editor in 1.09 ms, found 3 plugins.
Preloading 0 native plugins for Editor in 0.00 ms.
Mono: successfully reloaded assembly
- Completed reload, in  5.887 seconds
Domain Reload Profiling:
	ReloadAssembly (5888ms)
		BeginReloadAssembly (361ms)
			ExecutionOrderSort (0ms)
			DisableScriptedObjects (10ms)
			BackupInstance (0ms)
			ReleaseScriptingObjects (0ms)
			CreateAndSetChildDomain (41ms)
		EndReloadAssembly (5108ms)
			LoadAssemblies (1082ms)
			RebuildTransferFunctionScriptingTraits (0ms)
			SetupTypeCache (708ms)
			ReleaseScriptCaches (1ms)
			RebuildScriptCaches (96ms)
			SetupLoadedEditorAssemblies (2951ms)
				LogAssemblyErrors (0ms)
				InitializePlatformSupportModulesInManaged (11ms)
				SetLoadedEditorAssemblies (1ms)
				RefreshPlugins (1ms)
				BeforeProcessingInitializeOnLoad (122ms)
				ProcessInitializeOnLoadAttributes (2776ms)
				ProcessInitializeOnLoadMethodAttributes (18ms)
				AfterProcessingInitializeOnLoad (21ms)
				EditorAssembliesLoaded (0ms)
			ExecutionOrderSort2 (0ms)
			AwakeInstancesAfterBackupRestoration (22ms)
Platform modules already initialized, skipping
========================================================================
Worker process is ready to serve import requests
Launched and connected shader compiler UnityShaderCompiler.exe after 0.18 seconds
Refreshing native plugins compatible for Editor in 1.09 ms, found 3 plugins.
Preloading 0 native plugins for Editor in 0.00 ms.
Unloading 1877 Unused Serialized files (Serialized files now loaded: 0)
System memory in use before: 85.9 MB.
System memory in use after: 86.0 MB.

Unloading 39 unused Assets to reduce memory usage. Loaded Objects now: 2322.
Total: 4.695200 ms (FindLiveObjects: 0.271100 ms CreateObjectMapping: 0.128000 ms MarkObjects: 4.168400 ms  DeleteObjects: 0.125300 ms)

AssetImportParameters requested are different than current active one (requested -> active):
  custom:framework-win-MediaFoundation: 216162199b28c13a410421893ffa2e32 -> 
  custom:video-decoder-ogg-theora: a1e56fd34408186e4bbccfd4996cb3dc -> 
  custom:container-muxer-webm: aa71ff27fc2769a1b78a27578f13a17b -> 
  custom:container-demuxer-webm: 4f35f7cbe854078d1ac9338744f61a02 -> 
  custom:container-demuxer-ogg: 62fdf1f143b41e24485cea50d1cbac27 -> 
  custom:video-encoder-webm-vp8: eb34c28f22e8b96e1ab97ce403110664 -> 
  custom:video-decoder-webm-vp8: 9c59270c3fd7afecdb556c50c9e8de78 -> 
  custom:audio-decoder-ogg-vorbis: bf7c407c2cedff20999df2af8eb42d56 -> 
  custom:audio-encoder-webm-vorbis: bf7c407c2cedff20999df2af8eb42d56 -> 
========================================================================
Received Import Request.
  path: Assets/ARGame/For_course_project_ui-master/Assets/resource_default/box_c_02.png
  artifactKey: Guid(e8def83b1cf543e4a9513f7aaa7bd953) Importer(815301076,1909f56bfc062723c751e8b465ee728b)
Start importing Assets/ARGame/For_course_project_ui-master/Assets/resource_default/box_c_02.png using Guid(e8def83b1cf543e4a9513f7aaa7bd953) Importer(815301076,1909f56bfc062723c751e8b465ee728b)  -> (artifact id: '96c951e1a82185f6e0507ba8ad3322c9') in 0.349159 seconds 
========================================================================
Received Import Request.
  Time since last request: 0.000764 seconds.
  path: Assets/ARGame/For_course_project_ui-master/Assets/resource_default/checkbox_check.png
  artifactKey: Guid(43e17fb59bccf0748b04cccfc220a522) Importer(815301076,1909f56bfc062723c751e8b465ee728b)
Start importing Assets/ARGame/For_course_project_ui-master/Assets/resource_default/checkbox_check.png using Guid(43e17fb59bccf0748b04cccfc220a522) Importer(815301076,1909f56bfc062723c751e8b465ee728b)  -> (artifact id: '4d267d05665c6846c04e51af56344112') in 0.020739 seconds 
========================================================================
Received Import Request.
  Time since last request: 0.000692 seconds.
  path: Assets/ARGame/For_course_project_ui-master/Assets/resource_default/box_b_04.png
  artifactKey: Guid(47b0b6ed20592d74ba2a6d517e877ad2) Importer(815301076,1909f56bfc062723c751e8b465ee728b)
Start importing Assets/ARGame/For_course_project_ui-master/Assets/resource_default/box_b_04.png using Guid(47b0b6ed20592d74ba2a6d517e877ad2) Importer(815301076,1909f56bfc062723c751e8b465ee728b)  -> (artifact id: '21a1c06cbfbac4d2cd70466ac4e63dca') in 0.022238 seconds 
========================================================================
Received Import Request.
  Time since last request: 0.000536 seconds.
  path: Assets/Mall
  artifactKey: Guid(36fa7463d4ddcf544af606bba208f646) Importer(815301076,1909f56bfc062723c751e8b465ee728b)
Start importing Assets/Mall using Guid(36fa7463d4ddcf544af606bba208f646) Importer(815301076,1909f56bfc062723c751e8b465ee728b)  -> (artifact id: 'e429f5eec8dd56cc25662cf8f2f59bcc') in 0.005153 seconds 
========================================================================
Received Import Request.
  Time since last request: 0.000485 seconds.
  path: Assets/ARGame/For_course_project_ui-master/Assets/resource_default/gage_b_fill05.png
  artifactKey: Guid(5f800e8c23f52d9439d7929cf06cd922) Importer(815301076,1909f56bfc062723c751e8b465ee728b)
Start importing Assets/ARGame/For_course_project_ui-master/Assets/resource_default/gage_b_fill05.png using Guid(5f800e8c23f52d9439d7929cf06cd922) Importer(815301076,1909f56bfc062723c751e8b465ee728b)  -> (artifact id: '0188fca6f199f9f9d5782bb7ee908364') in 0.019406 seconds 
========================================================================
Received Import Request.
  Time since last request: 0.000632 seconds.
  path: Assets/ARGame/For_course_project_ui-master/Assets/resource_default/box_a_01.png
  artifactKey: Guid(f7420318a046742439fc1f7e0fb33dc7) Importer(815301076,1909f56bfc062723c751e8b465ee728b)
Start importing Assets/ARGame/For_course_project_ui-master/Assets/resource_default/box_a_01.png using Guid(f7420318a046742439fc1f7e0fb33dc7) Importer(815301076,1909f56bfc062723c751e8b465ee728b)  -> (artifact id: 'a6fc03af9ebbf81b1500d3f8c4e63db7') in 0.021366 seconds 
========================================================================
Received Import Request.
  Time since last request: 0.000496 seconds.
  path: Assets/ARGame/3D/VShE.fbx
  artifactKey: Guid(7f7e3d188f01a5b4a8a2b4e59f352a2b) Importer(815301076,1909f56bfc062723c751e8b465ee728b)
Start importing Assets/ARGame/3D/VShE.fbx using Guid(7f7e3d188f01a5b4a8a2b4e59f352a2b) Importer(815301076,1909f56bfc062723c751e8b465ee728b)  -> (artifact id: 'e52622f53214b26365835f99616be231') in 11.816008 seconds 
========================================================================
Received Import Request.
  Time since last request: 0.000579 seconds.
  path: Assets/ARGame/For_course_project_ui-master/Assets/Sprites/booksprite.png
  artifactKey: Guid(21b51806b1f19d54c9df4552278a40e9) Importer(815301076,1909f56bfc062723c751e8b465ee728b)
Start importing Assets/ARGame/For_course_project_ui-master/Assets/Sprites/booksprite.png using Guid(21b51806b1f19d54c9df4552278a40e9) Importer(815301076,1909f56bfc062723c751e8b465ee728b)  -> (artifact id: 'd5cc4921d4730d8e517031c77df7317b') in 0.036919 seconds 
========================================================================
Received Import Request.
  Time since last request: 0.000480 seconds.
  path: Assets/ARGame/For_course_project_ui-master/Assets/Sprites/—Pngtree—rainbow_574476.png
  artifactKey: Guid(4e1f3ddc7193e0d42b3730b6e51d0926) Importer(815301076,1909f56bfc062723c751e8b465ee728b)
Start importing Assets/ARGame/For_course_project_ui-master/Assets/Sprites/—Pngtree—rainbow_574476.png using Guid(4e1f3ddc7193e0d42b3730b6e51d0926) Importer(815301076,1909f56bfc062723c751e8b465ee728b)  -> (artifact id: '8a41da77f40e98a63406c0d3beacf749') in 0.206394 seconds 
========================================================================
Received Import Request.
  Time since last request: 0.000523 seconds.
  path: Assets/ARGame/For_course_project_ui-master/Assets/Sprites/120-1206945_clipart-of-jerry-6-star-and-7-star.png
  artifactKey: Guid(e10550c34aa47cd438df94e953b505be) Importer(815301076,1909f56bfc062723c751e8b465ee728b)
Start importing Assets/ARGame/For_course_project_ui-master/Assets/Sprites/120-1206945_clipart-of-jerry-6-star-and-7-star.png using Guid(e10550c34aa47cd438df94e953b505be) Importer(815301076,1909f56bfc062723c751e8b465ee728b)  -> (artifact id: 'f047cf6769f392f14e8c65744e6aa584') in 0.088680 seconds 
========================================================================
Received Import Request.
  Time since last request: 0.000551 seconds.
  path: Assets/ARGame/For_course_project_ui-master/Assets/resource_default/box_a_03.png
  artifactKey: Guid(7cd59d7fb38a77f4ca92099e8d101b73) Importer(815301076,1909f56bfc062723c751e8b465ee728b)
Start importing Assets/ARGame/For_course_project_ui-master/Assets/resource_default/box_a_03.png using Guid(7cd59d7fb38a77f4ca92099e8d101b73) Importer(815301076,1909f56bfc062723c751e8b465ee728b)  -> (artifact id: 'ea5b45103d95430bb0396c94ae0b3515') in 0.036504 seconds 
========================================================================
Received Import Request.
  Time since last request: 0.000686 seconds.
  path: Assets/ARGame/For_course_project_ui-master/Assets
  artifactKey: Guid(d466d6ea41406924881cd895734e9c72) Importer(815301076,1909f56bfc062723c751e8b465ee728b)
Start importing Assets/ARGame/For_course_project_ui-master/Assets using Guid(d466d6ea41406924881cd895734e9c72) Importer(815301076,1909f56bfc062723c751e8b465ee728b)  -> (artifact id: '677896cf16dbdf43d787e6f2ecd19d3c') in 0.007351 seconds 
========================================================================
Received Import Request.
  Time since last request: 0.000464 seconds.
  path: Assets/GameMenu/blackbg.png
  artifactKey: Guid(201eb8dfd30624b40a5a9e69ba194f1d) Importer(815301076,1909f56bfc062723c751e8b465ee728b)
Start importing Assets/GameMenu/blackbg.png using Guid(201eb8dfd30624b40a5a9e69ba194f1d) Importer(815301076,1909f56bfc062723c751e8b465ee728b)  -> (artifact id: '54c67a9301e7a371c3df5bea13002927') in 0.265685 seconds 
========================================================================
Received Import Request.
  Time since last request: 0.000438 seconds.
  path: Assets/ARGame/For_course_project_ui-master/Assets/resource_default/btn_c_emerald.png
  artifactKey: Guid(7017830725262a140b5d8a3d39a0b11a) Importer(815301076,1909f56bfc062723c751e8b465ee728b)
Start importing Assets/ARGame/For_course_project_ui-master/Assets/resource_default/btn_c_emerald.png using Guid(7017830725262a140b5d8a3d39a0b11a) Importer(815301076,1909f56bfc062723c751e8b465ee728b)  -> (artifact id: '8647c4f37302dad29af4d123995c6d8a') in 0.054958 seconds 
========================================================================
Received Import Request.
  Time since last request: 0.000476 seconds.
  path: Assets/ARGame/For_course_project_ui-master/Assets/resource_default/btn_c_beige.png
  artifactKey: Guid(9c0068a62e7a92d40824e0b03460035a) Importer(815301076,1909f56bfc062723c751e8b465ee728b)
Start importing Assets/ARGame/For_course_project_ui-master/Assets/resource_default/btn_c_beige.png using Guid(9c0068a62e7a92d40824e0b03460035a) Importer(815301076,1909f56bfc062723c751e8b465ee728b)  -> (artifact id: 'c497b256e6adc39a754633e24642a9be') in 0.045489 seconds 
========================================================================
Received Import Request.
  Time since last request: 0.000691 seconds.
  path: Assets/ARGame/For_course_project_ui-master/Assets/resource_default/btn_b_grey.png
  artifactKey: Guid(d7d480a22b9c1f64bb6d748bf353e45b) Importer(815301076,1909f56bfc062723c751e8b465ee728b)
Start importing Assets/ARGame/For_course_project_ui-master/Assets/resource_default/btn_b_grey.png using Guid(d7d480a22b9c1f64bb6d748bf353e45b) Importer(815301076,1909f56bfc062723c751e8b465ee728b)  -> (artifact id: '1b10547cee2c3840e4c58cec22b1e9e9') in 0.019737 seconds 
========================================================================
Received Import Request.
  Time since last request: 0.000544 seconds.
  path: Assets/ARGame/For_course_project_ui-master/Assets/Sprites/DDD.png
  artifactKey: Guid(04c8ffefd7b6cb74c83f629dfc9dde8f) Importer(815301076,1909f56bfc062723c751e8b465ee728b)
Start importing Assets/ARGame/For_course_project_ui-master/Assets/Sprites/DDD.png using Guid(04c8ffefd7b6cb74c83f629dfc9dde8f) Importer(815301076,1909f56bfc062723c751e8b465ee728b)  -> (artifact id: '18527b5a51acbaf09b5a75fa16dd573e') in 0.168262 seconds 
========================================================================
Received Import Request.
  Time since last request: 0.000486 seconds.
  path: Assets/ARGame/For_course_project_ui-master/Assets/resource_default/box_b.png
  artifactKey: Guid(7ff78b329f164464ea5df9a3227b3f0d) Importer(815301076,1909f56bfc062723c751e8b465ee728b)
Start importing Assets/ARGame/For_course_project_ui-master/Assets/resource_default/box_b.png using Guid(7ff78b329f164464ea5df9a3227b3f0d) Importer(815301076,1909f56bfc062723c751e8b465ee728b)  -> (artifact id: '4dd3f64a4220a8130e5a111ccd0f5887') in 0.037992 seconds 
========================================================================
Received Import Request.
  Time since last request: 0.000479 seconds.
  path: Assets/ARGame/For_course_project_ui-master/Assets/Thaleah_PixelFont/ThaleahFat.fontsettings
  artifactKey: Guid(652f7165b7c30ab46af6c4aad90a639b) Importer(815301076,1909f56bfc062723c751e8b465ee728b)
Start importing Assets/ARGame/For_course_project_ui-master/Assets/Thaleah_PixelFont/ThaleahFat.fontsettings using Guid(652f7165b7c30ab46af6c4aad90a639b) Importer(815301076,1909f56bfc062723c751e8b465ee728b)  -> (artifact id: 'd9a24a4484e404e1b1520e57e78fe07b') in 0.010562 seconds 
========================================================================
Received Import Request.
  Time since last request: 0.000566 seconds.
  path: Assets/ARGame/For_course_project_ui-master/Assets/resource_default/btn_a_red.png
  artifactKey: Guid(74976faeb568f074d9f1a4df7ca78d18) Importer(815301076,1909f56bfc062723c751e8b465ee728b)
Start importing Assets/ARGame/For_course_project_ui-master/Assets/resource_default/btn_a_red.png using Guid(74976faeb568f074d9f1a4df7ca78d18) Importer(815301076,1909f56bfc062723c751e8b465ee728b)  -> (artifact id: '879378ca6f9bf32dae1523a3a59f2fea') in 0.067895 seconds 
========================================================================
Received Import Request.
  Time since last request: 0.000524 seconds.
  path: Assets/ARGame/For_course_project_ui-master/Assets/resource_default/gage_b_fill01.png
  artifactKey: Guid(9df81246e4df1154cb8d7410d2af7e84) Importer(815301076,1909f56bfc062723c751e8b465ee728b)
Start importing Assets/ARGame/For_course_project_ui-master/Assets/resource_default/gage_b_fill01.png using Guid(9df81246e4df1154cb8d7410d2af7e84) Importer(815301076,1909f56bfc062723c751e8b465ee728b)  -> (artifact id: '8618976e49e9d53d985f97cd76e764dd') in 0.035044 seconds 
========================================================================
Received Import Request.
  Time since last request: 0.000510 seconds.
  path: Assets/ARGame/For_course_project_ui-master/Assets/resource_default/btn_b_emerald.png
  artifactKey: Guid(e6d0e297e4512fe4b8e8fe357714a52f) Importer(815301076,1909f56bfc062723c751e8b465ee728b)
Start importing Assets/ARGame/For_course_project_ui-master/Assets/resource_default/btn_b_emerald.png using Guid(e6d0e297e4512fe4b8e8fe357714a52f) Importer(815301076,1909f56bfc062723c751e8b465ee728b)  -> (artifact id: 'e8ab5dfcff971af38e33d3279aecfcaf') in 0.016200 seconds 
========================================================================
Received Import Request.
  Time since last request: 0.000537 seconds.
  path: Assets/ARGame/For_course_project_ui-master/Assets/resource_default/gage_b_fill02.png
  artifactKey: Guid(bcb5b4fb84e360f4ab517305cc7ea5ab) Importer(815301076,1909f56bfc062723c751e8b465ee728b)
Start importing Assets/ARGame/For_course_project_ui-master/Assets/resource_default/gage_b_fill02.png using Guid(bcb5b4fb84e360f4ab517305cc7ea5ab) Importer(815301076,1909f56bfc062723c751e8b465ee728b)  -> (artifact id: 'e75243295523149fd6b51f0978c90e13') in 0.014318 seconds 
========================================================================
Received Import Request.
  Time since last request: 0.000524 seconds.
  path: Assets/ARGame/For_course_project_ui-master/Assets/Sprites/star2.png
  artifactKey: Guid(f1d6d64aea900304295c2b2ceeada7b5) Importer(815301076,1909f56bfc062723c751e8b465ee728b)
Start importing Assets/ARGame/For_course_project_ui-master/Assets/Sprites/star2.png using Guid(f1d6d64aea900304295c2b2ceeada7b5) Importer(815301076,1909f56bfc062723c751e8b465ee728b)  -> (artifact id: '55d4e852bc54af189acd12b2996f2f40') in 0.022883 seconds 
========================================================================
Received Import Request.
  Time since last request: 0.000546 seconds.
  path: Assets/ARGame/For_course_project_ui-master/Assets/Scenes
  artifactKey: Guid(bbd2ab6edc0ed534c9dfab46898f48e5) Importer(815301076,1909f56bfc062723c751e8b465ee728b)
Start importing Assets/ARGame/For_course_project_ui-master/Assets/Scenes using Guid(bbd2ab6edc0ed534c9dfab46898f48e5) Importer(815301076,1909f56bfc062723c751e8b465ee728b)  -> (artifact id: 'f38f0ba973b6a7b945b51e786583d3b9') in 0.003271 seconds 
========================================================================
Received Import Request.
  Time since last request: 0.000515 seconds.
  path: Assets/ARGame/For_course_project_ui-master/Assets/resource_default/gage_b_fill04.png
  artifactKey: Guid(74eea1e5ac116724fad3c1971b35589c) Importer(815301076,1909f56bfc062723c751e8b465ee728b)
Start importing Assets/ARGame/For_course_project_ui-master/Assets/resource_default/gage_b_fill04.png using Guid(74eea1e5ac116724fad3c1971b35589c) Importer(815301076,1909f56bfc062723c751e8b465ee728b)  -> (artifact id: 'bab436cf16139dade4d95f4ae94d4213') in 0.038189 seconds 
========================================================================
Received Import Request.
  Time since last request: 0.000497 seconds.
  path: Assets/ARGame/For_course_project_ui-master/Assets/resource_default/gage_b_empty.png
  artifactKey: Guid(f6c1dea84b7a31e4b81d0f719c477e2e) Importer(815301076,1909f56bfc062723c751e8b465ee728b)
Start importing Assets/ARGame/For_course_project_ui-master/Assets/resource_default/gage_b_empty.png using Guid(f6c1dea84b7a31e4b81d0f719c477e2e) Importer(815301076,1909f56bfc062723c751e8b465ee728b)  -> (artifact id: '9653f38ae809ec6d2290beb675cde92e') in 0.076385 seconds 
========================================================================
Received Import Request.
  Time since last request: 0.000535 seconds.
  path: Assets/ARGame/For_course_project_ui-master/Assets/resource_default/innerbox_a.png
  artifactKey: Guid(d987d57fd92b64048bbfeee60e636663) Importer(815301076,1909f56bfc062723c751e8b465ee728b)
Start importing Assets/ARGame/For_course_project_ui-master/Assets/resource_default/innerbox_a.png using Guid(d987d57fd92b64048bbfeee60e636663) Importer(815301076,1909f56bfc062723c751e8b465ee728b)  -> (artifact id: 'bd4965545ac554c50932a7c2189a25a6') in 0.039310 seconds 
========================================================================
Received Import Request.
  Time since last request: 0.000443 seconds.
  path: Assets/ARGame/For_course_project_ui-master/Assets/resource_default/btn_a_emerald.png
  artifactKey: Guid(e87e973aa97e2cf41885259822725eb5) Importer(815301076,1909f56bfc062723c751e8b465ee728b)
Start importing Assets/ARGame/For_course_project_ui-master/Assets/resource_default/btn_a_emerald.png using Guid(e87e973aa97e2cf41885259822725eb5) Importer(815301076,1909f56bfc062723c751e8b465ee728b)  -> (artifact id: 'fca28fa9dc6ce950e46685926a37bb1f') in 0.073558 seconds 
========================================================================
Received Import Request.
  Time since last request: 0.000622 seconds.
  path: Assets/ARGame/For_course_project_ui-master/Assets/resource_default/btn_a_grey.png
  artifactKey: Guid(e0b63f1cfe110994ba2ad2de0e5292de) Importer(815301076,1909f56bfc062723c751e8b465ee728b)
Start importing Assets/ARGame/For_course_project_ui-master/Assets/resource_default/btn_a_grey.png using Guid(e0b63f1cfe110994ba2ad2de0e5292de) Importer(815301076,1909f56bfc062723c751e8b465ee728b)  -> (artifact id: 'fb9c2ae45c551234e1bfd40c854eb77d') in 0.049016 seconds 
========================================================================
Received Import Request.
  Time since last request: 0.000450 seconds.
  path: Assets/ARGame/For_course_project_ui-master/Assets/resource_default/innerbox_a_btn_01.png
  artifactKey: Guid(34d3404d20b7a8245b1fac6e7855b705) Importer(815301076,1909f56bfc062723c751e8b465ee728b)
Start importing Assets/ARGame/For_course_project_ui-master/Assets/resource_default/innerbox_a_btn_01.png using Guid(34d3404d20b7a8245b1fac6e7855b705) Importer(815301076,1909f56bfc062723c751e8b465ee728b)  -> (artifact id: '46404c73f865e348db1d4569e7ef4e43') in 0.061902 seconds 
========================================================================
Received Import Request.
  Time since last request: 0.000454 seconds.
  path: Assets/ARGame/Materials/PlaneMarker.mat
  artifactKey: Guid(dc5ac48407b52a046828dc3645ae258a) Importer(815301076,1909f56bfc062723c751e8b465ee728b)
Start importing Assets/ARGame/Materials/PlaneMarker.mat using Guid(dc5ac48407b52a046828dc3645ae258a) Importer(815301076,1909f56bfc062723c751e8b465ee728b)  -> (artifact id: 'bfb20c4e113bc0af6a817df9e15d3aed') in 0.495336 seconds 
========================================================================
Received Import Request.
  Time since last request: 0.000488 seconds.
  path: Assets/GameMenu/Gold.asset
  artifactKey: Guid(b1d33054e78a19048845dfbd7201abfb) Importer(815301076,1909f56bfc062723c751e8b465ee728b)
Start importing Assets/GameMenu/Gold.asset using Guid(b1d33054e78a19048845dfbd7201abfb) Importer(815301076,1909f56bfc062723c751e8b465ee728b)  -> (artifact id: '6efb812596c0d59311568b4884cfd414') in 0.008808 seconds 
========================================================================
Received Import Request.
  Time since last request: 0.000562 seconds.
  path: Assets/ARGame/For_course_project_ui-master/Assets/Scenes/SampleScene.unity
  artifactKey: Guid(0481d0b67eca47b409a7a3e2162a4522) Importer(815301076,1909f56bfc062723c751e8b465ee728b)
Start importing Assets/ARGame/For_course_project_ui-master/Assets/Scenes/SampleScene.unity using Guid(0481d0b67eca47b409a7a3e2162a4522) Importer(815301076,1909f56bfc062723c751e8b465ee728b)  -> (artifact id: 'c02cfe0b6ea1264f39bdfb13f3def7ee') in 0.005790 seconds 
========================================================================
Received Import Request.
  Time since last request: 0.000511 seconds.
  path: Assets/ARGame/For_course_project_ui-master/Assets/Sprites/Energy.png
  artifactKey: Guid(29c2eb9e57442614aa41fc8246864dbb) Importer(815301076,1909f56bfc062723c751e8b465ee728b)
Start importing Assets/ARGame/For_course_project_ui-master/Assets/Sprites/Energy.png using Guid(29c2eb9e57442614aa41fc8246864dbb) Importer(815301076,1909f56bfc062723c751e8b465ee728b)  -> (artifact id: 'a65372031609d541320ac3814ed8741c') in 0.104992 seconds 
========================================================================
Received Import Request.
  Time since last request: 0.000460 seconds.
  path: Assets/ARGame/For_course_project_ui-master/Assets/resource_default/btn_a_beige.png
  artifactKey: Guid(8e8051156b4decf4693f0648a48b3fc9) Importer(815301076,1909f56bfc062723c751e8b465ee728b)
Start importing Assets/ARGame/For_course_project_ui-master/Assets/resource_default/btn_a_beige.png using Guid(8e8051156b4decf4693f0648a48b3fc9) Importer(815301076,1909f56bfc062723c751e8b465ee728b)  -> (artifact id: '77260fc510d877e4632fe2a7dbd42eac') in 0.017562 seconds 
========================================================================
Received Import Request.
  Time since last request: 0.000435 seconds.
  path: Assets/ARGame/For_course_project_ui-master/Assets/resource_default/box_c_04.png
  artifactKey: Guid(03262c876f6187b4f91fe5239e698673) Importer(815301076,1909f56bfc062723c751e8b465ee728b)
Start importing Assets/ARGame/For_course_project_ui-master/Assets/resource_default/box_c_04.png using Guid(03262c876f6187b4f91fe5239e698673) Importer(815301076,1909f56bfc062723c751e8b465ee728b)  -> (artifact id: '48bca113b5e6ad98a3c4e3dfce373423') in 0.051851 seconds 
========================================================================
Received Import Request.
  Time since last request: 0.000499 seconds.
  path: Assets/ARGame/For_course_project_ui-master/Assets/resource_default/gage_b_fill07.png
  artifactKey: Guid(3e5237d08b3a99a459942236eb0532f0) Importer(815301076,1909f56bfc062723c751e8b465ee728b)
Start importing Assets/ARGame/For_course_project_ui-master/Assets/resource_default/gage_b_fill07.png using Guid(3e5237d08b3a99a459942236eb0532f0) Importer(815301076,1909f56bfc062723c751e8b465ee728b)  -> (artifact id: '947171c02334d86b705698d90b409364') in 0.049961 seconds 
========================================================================
Received Import Request.
  Time since last request: 0.000474 seconds.
  path: Assets/ARGame/For_course_project_ui-master/Assets/resource_default/box_b_02.png
  artifactKey: Guid(4b1885f5416f3c741ac0815952921840) Importer(815301076,1909f56bfc062723c751e8b465ee728b)
Start importing Assets/ARGame/For_course_project_ui-master/Assets/resource_default/box_b_02.png using Guid(4b1885f5416f3c741ac0815952921840) Importer(815301076,1909f56bfc062723c751e8b465ee728b)  -> (artifact id: '66af90f0c40b035e2e74eaee7a7feab9') in 0.040581 seconds 
========================================================================
Received Import Request.
  Time since last request: 0.000459 seconds.
  path: Assets/ARGame/For_course_project_ui-master/Assets/resource_default/divider_a.png
  artifactKey: Guid(e460759783bc11a40b0b706688151e1e) Importer(815301076,1909f56bfc062723c751e8b465ee728b)
Start importing Assets/ARGame/For_course_project_ui-master/Assets/resource_default/divider_a.png using Guid(e460759783bc11a40b0b706688151e1e) Importer(815301076,1909f56bfc062723c751e8b465ee728b)  -> (artifact id: '93af7919d557aa3618c88c2754777fdd') in 0.039104 seconds 
========================================================================
Received Import Request.
  Time since last request: 0.000466 seconds.
  path: Assets/ARGame/Prefabs/Grid.prefab
  artifactKey: Guid(9229d94fda489474083a70ac0f6d00ee) Importer(815301076,1909f56bfc062723c751e8b465ee728b)
Start importing Assets/ARGame/Prefabs/Grid.prefab using Guid(9229d94fda489474083a70ac0f6d00ee) Importer(815301076,1909f56bfc062723c751e8b465ee728b)  -> (artifact id: 'dfa43f67ed22fb4ffec5840b4539af2e') in 0.256847 seconds 
========================================================================
Received Import Request.
  Time since last request: 0.000456 seconds.
  path: Assets/ARGame/Materials/PlaneMarker.png
  artifactKey: Guid(523a17338eb7a9445b843fed213980c6) Importer(815301076,1909f56bfc062723c751e8b465ee728b)
Start importing Assets/ARGame/Materials/PlaneMarker.png using Guid(523a17338eb7a9445b843fed213980c6) Importer(815301076,1909f56bfc062723c751e8b465ee728b)  -> (artifact id: '51dc04b84bb389c23dc3eb45ca39269b') in 0.149504 seconds 
========================================================================
Received Import Request.
  Time since last request: 0.000512 seconds.
  path: Assets/ARGame/For_course_project_ui-master/Assets/Sprites/dropdown_HCC.png
  artifactKey: Guid(680c5de059e03984c826b2b739cac5ff) Importer(815301076,1909f56bfc062723c751e8b465ee728b)
Start importing Assets/ARGame/For_course_project_ui-master/Assets/Sprites/dropdown_HCC.png using Guid(680c5de059e03984c826b2b739cac5ff) Importer(815301076,1909f56bfc062723c751e8b465ee728b)  -> (artifact id: '2b33721b1e77033b4b278bb96fd4777e') in 0.043159 seconds 
========================================================================
Received Import Request.
  Time since last request: 0.000403 seconds.
  path: Assets/ARGame/For_course_project_ui-master/Assets/resource_default/box_b_01.png
  artifactKey: Guid(a4b88956494e64a4a896b1e2e09d76aa) Importer(815301076,1909f56bfc062723c751e8b465ee728b)
Start importing Assets/ARGame/For_course_project_ui-master/Assets/resource_default/box_b_01.png using Guid(a4b88956494e64a4a896b1e2e09d76aa) Importer(815301076,1909f56bfc062723c751e8b465ee728b)  -> (artifact id: '8fbc83568023239595ce87d75629ca1f') in 0.034340 seconds 
========================================================================
Received Import Request.
  Time since last request: 0.000581 seconds.
  path: Assets/ARGame/For_course_project_ui-master/Assets/resource_default/icon_arrowdown.png
  artifactKey: Guid(031411cfd15824643a4ccdedb8d36bc2) Importer(815301076,1909f56bfc062723c751e8b465ee728b)
Start importing Assets/ARGame/For_course_project_ui-master/Assets/resource_default/icon_arrowdown.png using Guid(031411cfd15824643a4ccdedb8d36bc2) Importer(815301076,1909f56bfc062723c751e8b465ee728b)  -> (artifact id: 'c60d25facd3d63fe1eafc39109480da4') in 0.048830 seconds 
========================================================================
Received Import Request.
  Time since last request: 0.000431 seconds.
  path: Assets/ARGame/For_course_project_ui-master/Assets/resource_default/btn_c_red.png
  artifactKey: Guid(dfe0f8b3b8f11c54d94569c6e1326583) Importer(815301076,1909f56bfc062723c751e8b465ee728b)
Start importing Assets/ARGame/For_course_project_ui-master/Assets/resource_default/btn_c_red.png using Guid(dfe0f8b3b8f11c54d94569c6e1326583) Importer(815301076,1909f56bfc062723c751e8b465ee728b)  -> (artifact id: '05846ed787bc87a1dc3c9cc9dedbf839') in 0.059270 seconds 
========================================================================
Received Import Request.
  Time since last request: 0.000424 seconds.
  path: Assets/ARGame/For_course_project_ui-master/Assets/resource_default/gage_a_empty.png
  artifactKey: Guid(2a7229b8854f44e468f330c2cfe50c8d) Importer(815301076,1909f56bfc062723c751e8b465ee728b)
Start importing Assets/ARGame/For_course_project_ui-master/Assets/resource_default/gage_a_empty.png using Guid(2a7229b8854f44e468f330c2cfe50c8d) Importer(815301076,1909f56bfc062723c751e8b465ee728b)  -> (artifact id: 'cbeb03eee0bc8fca241cfb113f4ef898') in 0.056598 seconds 
========================================================================
Received Import Request.
  Time since last request: 0.000439 seconds.
  path: Assets/ARGame/For_course_project_ui-master/Assets/resource_default/gage_b_fill_progress.png
  artifactKey: Guid(3ce5d913607d46846a0812d1b479e3d5) Importer(815301076,1909f56bfc062723c751e8b465ee728b)
Start importing Assets/ARGame/For_course_project_ui-master/Assets/resource_default/gage_b_fill_progress.png using Guid(3ce5d913607d46846a0812d1b479e3d5) Importer(815301076,1909f56bfc062723c751e8b465ee728b)  -> (artifact id: 'b6363d09a178cabfe9a4a7f35d9842af') in 0.038954 seconds 
========================================================================
Received Import Request.
  Time since last request: 0.000465 seconds.
  path: Assets/ARGame/For_course_project_ui-master/Assets/resource_default/btn_b_red.png
  artifactKey: Guid(0a1a18af546cb004db55d57b6559928b) Importer(815301076,1909f56bfc062723c751e8b465ee728b)
Start importing Assets/ARGame/For_course_project_ui-master/Assets/resource_default/btn_b_red.png using Guid(0a1a18af546cb004db55d57b6559928b) Importer(815301076,1909f56bfc062723c751e8b465ee728b)  -> (artifact id: 'b2cd83873ca04dc54139f854a3d1dc21') in 0.035153 seconds 
========================================================================
Received Import Request.
  Time since last request: 0.000536 seconds.
  path: Assets/ARGame/Scenes/ARGame.unity
  artifactKey: Guid(9fc0d4010bbf28b4594072e72b8655ab) Importer(815301076,1909f56bfc062723c751e8b465ee728b)
Start importing Assets/ARGame/Scenes/ARGame.unity using Guid(9fc0d4010bbf28b4594072e72b8655ab) Importer(815301076,1909f56bfc062723c751e8b465ee728b)  -> (artifact id: '14dbd7c0ada725b486006513cfc347a7') in 0.005762 seconds 
========================================================================
Received Import Request.
  Time since last request: 0.000479 seconds.
  path: Assets/ARGame/Prefabs/DetectedPlaneVisualizer.prefab
  artifactKey: Guid(239d304c99b257542bcfa80fd90dea64) Importer(815301076,1909f56bfc062723c751e8b465ee728b)
Start importing Assets/ARGame/Prefabs/DetectedPlaneVisualizer.prefab using Guid(239d304c99b257542bcfa80fd90dea64) Importer(815301076,1909f56bfc062723c751e8b465ee728b)  -> (artifact id: '6765938d7c0dcbafabc8faed79e6531a') in 0.114675 seconds 
========================================================================
Received Import Request.
  Time since last request: 0.000565 seconds.
  path: Assets/ARGame/Prefabs/Dormitory.prefab
  artifactKey: Guid(bf8b082dae9d97f4e99cc72526e47dcc) Importer(815301076,1909f56bfc062723c751e8b465ee728b)
Start importing Assets/ARGame/Prefabs/Dormitory.prefab using Guid(bf8b082dae9d97f4e99cc72526e47dcc) Importer(815301076,1909f56bfc062723c751e8b465ee728b)  -> (artifact id: '54140bcd14b25a45363202b70649816d') in 1.126091 seconds 
========================================================================
Received Import Request.
  Time since last request: 0.000538 seconds.
  path: Assets/ARGame/Configs/ARCoreSessionConfig.asset
  artifactKey: Guid(5df636580e9539b4aa9eb713f0d7a1c2) Importer(815301076,1909f56bfc062723c751e8b465ee728b)
Start importing Assets/ARGame/Configs/ARCoreSessionConfig.asset using Guid(5df636580e9539b4aa9eb713f0d7a1c2) Importer(815301076,1909f56bfc062723c751e8b465ee728b)  -> (artifact id: 'b25417e4579c9a2e08bfea2387741a06') in 0.006359 seconds 
========================================================================
Received Import Request.
  Time since last request: 0.000465 seconds.
  path: Assets/ARGame/For_course_project_ui-master/Assets/resource_default/box_a_04.png
  artifactKey: Guid(0b216ed8876b73945ad75ea6feaba010) Importer(815301076,1909f56bfc062723c751e8b465ee728b)
Start importing Assets/ARGame/For_course_project_ui-master/Assets/resource_default/box_a_04.png using Guid(0b216ed8876b73945ad75ea6feaba010) Importer(815301076,1909f56bfc062723c751e8b465ee728b)  -> (artifact id: '57349bf7fa185e30c67f3fcea5cad70d') in 0.044109 seconds 
========================================================================
Received Import Request.
  Time since last request: 0.000538 seconds.
  path: Assets/ARGame/For_course_project_ui-master/Assets/resource_default/gage_b_fill06.png
  artifactKey: Guid(9e2d10e868bfcc2459840cd98bcfde42) Importer(815301076,1909f56bfc062723c751e8b465ee728b)
Start importing Assets/ARGame/For_course_project_ui-master/Assets/resource_default/gage_b_fill06.png using Guid(9e2d10e868bfcc2459840cd98bcfde42) Importer(815301076,1909f56bfc062723c751e8b465ee728b)  -> (artifact id: 'b242902b122831eaf5b6211d0415bdc5') in 0.070070 seconds 
========================================================================
Received Import Request.
  Time since last request: 0.000498 seconds.
  path: Assets/ARGame/For_course_project_ui-master/Assets/resource_default/box_c_01.png
  artifactKey: Guid(2416bf88655c40c40adc903253fb2ba1) Importer(815301076,1909f56bfc062723c751e8b465ee728b)
Start importing Assets/ARGame/For_course_project_ui-master/Assets/resource_default/box_c_01.png using Guid(2416bf88655c40c40adc903253fb2ba1) Importer(815301076,1909f56bfc062723c751e8b465ee728b)  -> (artifact id: '5975541c54779b091ebb2bce0557f297') in 0.069588 seconds 
========================================================================
Received Import Request.
  Time since last request: 0.000554 seconds.
  path: Assets/ARGame/For_course_project_ui-master/Assets/resource_default/btn_c_grey.png
  artifactKey: Guid(6e66bb159c14d844580544244bf0d9d5) Importer(815301076,1909f56bfc062723c751e8b465ee728b)
Start importing Assets/ARGame/For_course_project_ui-master/Assets/resource_default/btn_c_grey.png using Guid(6e66bb159c14d844580544244bf0d9d5) Importer(815301076,1909f56bfc062723c751e8b465ee728b)  -> (artifact id: 'd9f942aefef2b44217edf5b35232f1f6') in 0.092485 seconds 
========================================================================
Received Import Request.
  Time since last request: 0.000868 seconds.
  path: Assets/ARGame/For_course_project_ui-master/Assets/SimplePixelUI/ExamleScene.unity
  artifactKey: Guid(cf63d691734c1c54e8e202ede8592565) Importer(815301076,1909f56bfc062723c751e8b465ee728b)
Start importing Assets/ARGame/For_course_project_ui-master/Assets/SimplePixelUI/ExamleScene.unity using Guid(cf63d691734c1c54e8e202ede8592565) Importer(815301076,1909f56bfc062723c751e8b465ee728b)  -> (artifact id: '4718700e211d631103310f6781a72142') in 0.033200 seconds 
========================================================================
Received Import Request.
  Time since last request: 0.000740 seconds.
  path: Assets/ARGame/3D
  artifactKey: Guid(acbfe451c72d84c41857a431fe7b92c3) Importer(815301076,1909f56bfc062723c751e8b465ee728b)
Start importing Assets/ARGame/3D using Guid(acbfe451c72d84c41857a431fe7b92c3) Importer(815301076,1909f56bfc062723c751e8b465ee728b)  -> (artifact id: '94b289cec018910e0e1707bb61efac3f') in 0.007592 seconds 
========================================================================
Received Import Request.
  Time since last request: 0.000883 seconds.
  path: Assets/ARGame/For_course_project_ui-master/Assets/resource_default/box_b_03.png
  artifactKey: Guid(cd5efc45d507a414c81bd895a5528a0b) Importer(815301076,1909f56bfc062723c751e8b465ee728b)
Start importing Assets/ARGame/For_course_project_ui-master/Assets/resource_default/box_b_03.png using Guid(cd5efc45d507a414c81bd895a5528a0b) Importer(815301076,1909f56bfc062723c751e8b465ee728b)  -> (artifact id: 'dc968c266ee3a0649de0ec529afeb786') in 0.041247 seconds 
========================================================================
Received Import Request.
  Time since last request: 0.000458 seconds.
  path: Assets/ARGame/For_course_project_ui-master/Assets/resource_default/btn_b_beige.png
  artifactKey: Guid(57910dcde21e44c48b55d6eb96005e38) Importer(815301076,1909f56bfc062723c751e8b465ee728b)
Start importing Assets/ARGame/For_course_project_ui-master/Assets/resource_default/btn_b_beige.png using Guid(57910dcde21e44c48b55d6eb96005e38) Importer(815301076,1909f56bfc062723c751e8b465ee728b)  -> (artifact id: 'b482288c839391f4b2b4e063db604a1a') in 0.022005 seconds 
========================================================================
Received Import Request.
  Time since last request: 0.000540 seconds.
  path: Assets/ARGame/For_course_project_ui-master/Assets/resource_default/gage_b_fill08.png
  artifactKey: Guid(d40499526caa6e243958c6071f4d5b0f) Importer(815301076,1909f56bfc062723c751e8b465ee728b)
Start importing Assets/ARGame/For_course_project_ui-master/Assets/resource_default/gage_b_fill08.png using Guid(d40499526caa6e243958c6071f4d5b0f) Importer(815301076,1909f56bfc062723c751e8b465ee728b)  -> (artifact id: '9771a55805398654a19f5785f3d20cde') in 0.080488 seconds 
========================================================================
Received Import Request.
  Time since last request: 0.000527 seconds.
  path: Assets/ARGame/For_course_project_ui-master/Assets/resource_default/innerbox_a_btn.png
  artifactKey: Guid(4dc79b73247092e4ab1b277f39e3f809) Importer(815301076,1909f56bfc062723c751e8b465ee728b)
Start importing Assets/ARGame/For_course_project_ui-master/Assets/resource_default/innerbox_a_btn.png using Guid(4dc79b73247092e4ab1b277f39e3f809) Importer(815301076,1909f56bfc062723c751e8b465ee728b)  -> (artifact id: '4f829fe9ca6782cb3753e98ad5d283b6') in 0.042973 seconds 
========================================================================
Received Import Request.
  Time since last request: 0.000636 seconds.
  path: Assets/ARGame/For_course_project_ui-master/Assets/Thaleah_PixelFont/Thaleah_Demo.unity
  artifactKey: Guid(180143f4a57f2124dae57257c95bc10a) Importer(815301076,1909f56bfc062723c751e8b465ee728b)
Start importing Assets/ARGame/For_course_project_ui-master/Assets/Thaleah_PixelFont/Thaleah_Demo.unity using Guid(180143f4a57f2124dae57257c95bc10a) Importer(815301076,1909f56bfc062723c751e8b465ee728b)  -> (artifact id: '8243e959cf0c2b44222e5e6241f5c7a8') in 0.010012 seconds 
========================================================================
Received Import Request.
  Time since last request: 0.000953 seconds.
  path: Assets/ARGame/For_course_project_ui-master/Assets/resource_default/box_c_03.png
  artifactKey: Guid(4acc179c0277ddf4fa72e6d397096d84) Importer(815301076,1909f56bfc062723c751e8b465ee728b)
Start importing Assets/ARGame/For_course_project_ui-master/Assets/resource_default/box_c_03.png using Guid(4acc179c0277ddf4fa72e6d397096d84) Importer(815301076,1909f56bfc062723c751e8b465ee728b)  -> (artifact id: '4276b38d297f0042aaeb47d6ac73fc99') in 0.051934 seconds 
========================================================================
Received Import Request.
  Time since last request: 0.000617 seconds.
  path: Assets/ARGame/For_course_project_ui-master/Assets/resource_default/box_a_02.png
  artifactKey: Guid(cdcc1931095dc8544b4ab733bf2b3fde) Importer(815301076,1909f56bfc062723c751e8b465ee728b)
Start importing Assets/ARGame/For_course_project_ui-master/Assets/resource_default/box_a_02.png using Guid(cdcc1931095dc8544b4ab733bf2b3fde) Importer(815301076,1909f56bfc062723c751e8b465ee728b)  -> (artifact id: 'ce822e00ee0d790b18b78cad0417e995') in 1.860428 seconds 
========================================================================
Received Import Request.
  Time since last request: 0.008115 seconds.
  path: Assets/ARGame/For_course_project_ui-master/Assets/resource_default/checkbox_blank.png
  artifactKey: Guid(32f25fd44c295474483ad5f89d5863fb) Importer(815301076,1909f56bfc062723c751e8b465ee728b)
Start importing Assets/ARGame/For_course_project_ui-master/Assets/resource_default/checkbox_blank.png using Guid(32f25fd44c295474483ad5f89d5863fb) Importer(815301076,1909f56bfc062723c751e8b465ee728b)  -> (artifact id: '29da0cb9afbbfe2a520af491f4d30dcd') in 0.065785 seconds 
========================================================================
Received Import Request.
  Time since last request: 0.000591 seconds.
  path: Assets/ARGame/3D/1.fbx
  artifactKey: Guid(d99e9717d8b735c4eb1d28452eeae968) Importer(815301076,1909f56bfc062723c751e8b465ee728b)
Start importing Assets/ARGame/3D/1.fbx using Guid(d99e9717d8b735c4eb1d28452eeae968) Importer(815301076,1909f56bfc062723c751e8b465ee728b)  -> (artifact id: 'e6043e83aaec6c6a0b92817aa14a2aaa') in 2.211696 seconds 
========================================================================
Received Import Request.
  Time since last request: 0.000520 seconds.
  path: Assets/ARGame/For_course_project_ui-master/Assets/resource_default/box_a.png
  artifactKey: Guid(ed3b4c75a68320349a9f4481bab4876c) Importer(815301076,1909f56bfc062723c751e8b465ee728b)
Start importing Assets/ARGame/For_course_project_ui-master/Assets/resource_default/box_a.png using Guid(ed3b4c75a68320349a9f4481bab4876c) Importer(815301076,1909f56bfc062723c751e8b465ee728b)  -> (artifact id: 'd76f60cb84b6098e52325cb64982f80c') in 0.038485 seconds 
========================================================================
Received Import Request.
  Time since last request: 0.000613 seconds.
  path: Assets/ARGame/For_course_project_ui-master/Assets/resource_default/gage_b_fill03.png
  artifactKey: Guid(52351609d8e630847acd8fd9a9c40c89) Importer(815301076,1909f56bfc062723c751e8b465ee728b)
Start importing Assets/ARGame/For_course_project_ui-master/Assets/resource_default/gage_b_fill03.png using Guid(52351609d8e630847acd8fd9a9c40c89) Importer(815301076,1909f56bfc062723c751e8b465ee728b)  -> (artifact id: '6f828b9d65957e90c211a4775af2095a') in 0.914278 seconds 
========================================================================
Received Import Request.
  Time since last request: 0.000518 seconds.
  path: Assets/ARGame/Configs/ARCoreCameraConfigFilter.asset
  artifactKey: Guid(448de179de15a604284dade0f95d3d28) Importer(815301076,1909f56bfc062723c751e8b465ee728b)
Start importing Assets/ARGame/Configs/ARCoreCameraConfigFilter.asset using Guid(448de179de15a604284dade0f95d3d28) Importer(815301076,1909f56bfc062723c751e8b465ee728b)  -> (artifact id: '7614ba6f1cafa752364411f181392c79') in 0.006494 seconds 
========================================================================
Received Import Request.
  Time since last request: 0.000756 seconds.
  path: Assets/ARGame/For_course_project_ui-master/Assets/resource_default/box_c.png
  artifactKey: Guid(7b03ca51eb13fef46ad379e25bc1bb4b) Importer(815301076,1909f56bfc062723c751e8b465ee728b)
Start importing Assets/ARGame/For_course_project_ui-master/Assets/resource_default/box_c.png using Guid(7b03ca51eb13fef46ad379e25bc1bb4b) Importer(815301076,1909f56bfc062723c751e8b465ee728b)  -> (artifact id: '67432f2d558863294f295cc21440de0c') in 0.069739 seconds 
========================================================================
Received Import Request.
  Time since last request: 0.000418 seconds.
  path: Assets/ARGame/For_course_project_ui-master/Assets/New Scene.unity
  artifactKey: Guid(9fdd490e0b48c3d45af1004aa84c0e00) Importer(815301076,1909f56bfc062723c751e8b465ee728b)
Start importing Assets/ARGame/For_course_project_ui-master/Assets/New Scene.unity using Guid(9fdd490e0b48c3d45af1004aa84c0e00) Importer(815301076,1909f56bfc062723c751e8b465ee728b)  -> (artifact id: 'ed0fdf0578838ec3dc368f99b99828e7') in 0.004946 seconds 
========================================================================
Received Import Request.
  Time since last request: 0.000478 seconds.
  path: Assets/ARGame/For_course_project_ui-master/Assets/Sprites/CoinSprite.png
  artifactKey: Guid(d235556d311cd497b993de7aa11961d4) Importer(815301076,1909f56bfc062723c751e8b465ee728b)
Start importing Assets/ARGame/For_course_project_ui-master/Assets/Sprites/CoinSprite.png using Guid(d235556d311cd497b993de7aa11961d4) Importer(815301076,1909f56bfc062723c751e8b465ee728b)  -> (artifact id: 'a49b2c4b520bfb873f276a6c669042e9') in 0.022973 seconds 
AssetImportWorkerClient::OnTransportError - code=2 error=End of file
